<?xml version="1.0" encoding="UTF-8"?>
<!-- Generated by org.testng.reporters.JUnitReportReporter -->
<testsuite hostname="NB-106" failures="0" tests="1" name="catalog.CatalogProgramsTest" time="0.015" errors="0" timestamp="5 Apr 2018 15:48:06 GMT">
  <testcase classname="catalog.CatalogProgramsTest" name="Samle1" time="0.015"/>
</testsuite> <!-- catalog.CatalogProgramsTest -->
